{
  "C:\\all\\projects\\ts-deps\\src\\defaults.js": {
    "path": "C:\\all\\projects\\ts-deps\\src\\defaults.js",
    "statementMap": {
      "0": {
        "start": { "line": 2, "column": 0 },
        "end": { "line": 11, "column": 2 }
      }
    },
    "fnMap": {},
    "branchMap": {},
    "s": { "0": 4 },
    "f": {},
    "b": {},
    "_coverageSchema": "43e27e138ebf9cfc5966b082cf9a028302ed4184",
    "hash": "b3a399132df91c49313d7e6209714ea5e345bd1d"
  },
  "C:\\all\\projects\\ts-deps\\src\\helpers.js": {
    "path": "C:\\all\\projects\\ts-deps\\src\\helpers.js",
    "statementMap": {
      "0": {
        "start": { "line": 2, "column": 30 },
        "end": { "line": 2, "column": 45 }
      },
      "1": {
        "start": { "line": 3, "column": 23 },
        "end": { "line": 3, "column": 42 }
      },
      "2": {
        "start": { "line": 4, "column": 19 },
        "end": { "line": 4, "column": 38 }
      },
      "3": {
        "start": { "line": 10, "column": 2 },
        "end": { "line": 10, "column": 51 }
      },
      "4": {
        "start": { "line": 18, "column": 25 },
        "end": { "line": 18, "column": 26 }
      },
      "5": {
        "start": { "line": 20, "column": 2 },
        "end": { "line": 27, "column": 3 }
      },
      "6": {
        "start": { "line": 20, "column": 15 },
        "end": { "line": 20, "column": 16 }
      },
      "7": {
        "start": { "line": 21, "column": 17 },
        "end": { "line": 21, "column": 23 }
      },
      "8": {
        "start": { "line": 23, "column": 4 },
        "end": { "line": 26, "column": 5 }
      },
      "9": {
        "start": { "line": 24, "column": 6 },
        "end": { "line": 24, "column": 26 }
      },
      "10": {
        "start": { "line": 25, "column": 6 },
        "end": { "line": 25, "column": 11 }
      },
      "11": {
        "start": { "line": 29, "column": 2 },
        "end": { "line": 29, "column": 62 }
      },
      "12": {
        "start": { "line": 37, "column": 25 },
        "end": { "line": 37, "column": 26 }
      },
      "13": {
        "start": { "line": 39, "column": 2 },
        "end": { "line": 47, "column": 3 }
      },
      "14": {
        "start": { "line": 39, "column": 15 },
        "end": { "line": 39, "column": 29 }
      },
      "15": {
        "start": { "line": 40, "column": 17 },
        "end": { "line": 40, "column": 23 }
      },
      "16": {
        "start": { "line": 42, "column": 4 },
        "end": { "line": 46, "column": 5 }
      },
      "17": {
        "start": { "line": 43, "column": 6 },
        "end": { "line": 43, "column": 11 }
      },
      "18": {
        "start": { "line": 45, "column": 6 },
        "end": { "line": 45, "column": 27 }
      },
      "19": {
        "start": { "line": 49, "column": 2 },
        "end": { "line": 49, "column": 78 }
      },
      "20": {
        "start": { "line": 57, "column": 2 },
        "end": { "line": 57, "column": 55 }
      },
      "21": {
        "start": { "line": 65, "column": 16 },
        "end": { "line": 65, "column": 24 }
      },
      "22": {
        "start": { "line": 66, "column": 17 },
        "end": { "line": 66, "column": 46 }
      },
      "23": {
        "start": { "line": 67, "column": 2 },
        "end": { "line": 67, "column": 15 }
      },
      "24": {
        "start": { "line": 75, "column": 17 },
        "end": { "line": 75, "column": 48 }
      },
      "25": {
        "start": { "line": 76, "column": 2 },
        "end": { "line": 76, "column": 60 }
      },
      "26": {
        "start": { "line": 84, "column": 17 },
        "end": { "line": 84, "column": 48 }
      },
      "27": {
        "start": { "line": 85, "column": 2 },
        "end": { "line": 85, "column": 58 }
      },
      "28": {
        "start": { "line": 93, "column": 17 },
        "end": { "line": 93, "column": 48 }
      },
      "29": {
        "start": { "line": 95, "column": 2 },
        "end": { "line": 95, "column": 26 }
      },
      "30": {
        "start": { "line": 103, "column": 17 },
        "end": { "line": 103, "column": 48 }
      },
      "31": {
        "start": { "line": 105, "column": 2 },
        "end": { "line": 105, "column": 43 }
      },
      "32": {
        "start": { "line": 109, "column": 30 },
        "end": { "line": 109, "column": 69 }
      },
      "33": {
        "start": { "line": 111, "column": 23 },
        "end": { "line": 111, "column": 71 }
      },
      "34": {
        "start": { "line": 111, "column": 55 },
        "end": { "line": 111, "column": 70 }
      },
      "35": {
        "start": { "line": 112, "column": 2 },
        "end": { "line": 114, "column": 3 }
      },
      "36": {
        "start": { "line": 113, "column": 4 },
        "end": { "line": 113, "column": 54 }
      },
      "37": {
        "start": { "line": 116, "column": 2 },
        "end": { "line": 116, "column": 21 }
      },
      "38": {
        "start": { "line": 119, "column": 24 },
        "end": { "line": 121, "column": 1 }
      },
      "39": {
        "start": { "line": 126, "column": 31 },
        "end": { "line": 141, "column": 1 }
      },
      "40": {
        "start": { "line": 127, "column": 2 },
        "end": { "line": 130, "column": 3 }
      },
      "41": {
        "start": { "line": 128, "column": 4 },
        "end": { "line": 128, "column": 39 }
      },
      "42": {
        "start": { "line": 129, "column": 4 },
        "end": { "line": 129, "column": 32 }
      },
      "43": {
        "start": { "line": 132, "column": 2 },
        "end": { "line": 134, "column": 3 }
      },
      "44": {
        "start": { "line": 133, "column": 4 },
        "end": { "line": 133, "column": 19 }
      },
      "45": {
        "start": { "line": 136, "column": 2 },
        "end": { "line": 138, "column": 3 }
      },
      "46": {
        "start": { "line": 137, "column": 4 },
        "end": { "line": 137, "column": 59 }
      },
      "47": {
        "start": { "line": 140, "column": 2 },
        "end": { "line": 140, "column": 42 }
      },
      "48": {
        "start": { "line": 146, "column": 27 },
        "end": { "line": 173, "column": 1 }
      },
      "49": {
        "start": { "line": 147, "column": 2 },
        "end": { "line": 149, "column": 3 }
      },
      "50": {
        "start": { "line": 148, "column": 4 },
        "end": { "line": 148, "column": 32 }
      },
      "51": {
        "start": { "line": 151, "column": 19 },
        "end": { "line": 151, "column": 33 }
      },
      "52": {
        "start": { "line": 153, "column": 17 },
        "end": { "line": 170, "column": 4 }
      },
      "53": {
        "start": { "line": 172, "column": 2 },
        "end": { "line": 172, "column": 39 }
      },
      "54": {
        "start": { "line": 174, "column": 0 },
        "end": { "line": 174, "column": 42 }
      },
      "55": {
        "start": { "line": 176, "column": 0 },
        "end": { "line": 188, "column": 1 }
      }
    },
    "fnMap": {
      "0": {
        "name": "escapeRegExp",
        "decl": {
          "start": { "line": 9, "column": 9 },
          "end": { "line": 9, "column": 21 }
        },
        "loc": {
          "start": { "line": 9, "column": 27 },
          "end": { "line": 11, "column": 1 }
        },
        "line": 9
      },
      "1": {
        "name": "trimLeft",
        "decl": {
          "start": { "line": 17, "column": 9 },
          "end": { "line": 17, "column": 17 }
        },
        "loc": {
          "start": { "line": 17, "column": 34 },
          "end": { "line": 30, "column": 1 }
        },
        "line": 17
      },
      "2": {
        "name": "trimRight",
        "decl": {
          "start": { "line": 36, "column": 9 },
          "end": { "line": 36, "column": 18 }
        },
        "loc": {
          "start": { "line": 36, "column": 35 },
          "end": { "line": 50, "column": 1 }
        },
        "line": 36
      },
      "3": {
        "name": "trim",
        "decl": {
          "start": { "line": 56, "column": 9 },
          "end": { "line": 56, "column": 13 }
        },
        "loc": {
          "start": { "line": 56, "column": 30 },
          "end": { "line": 58, "column": 1 }
        },
        "line": 56
      },
      "4": {
        "name": "ensureSamePathSeparator",
        "decl": {
          "start": { "line": 64, "column": 9 },
          "end": { "line": 64, "column": 32 }
        },
        "loc": {
          "start": { "line": 64, "column": 55 },
          "end": { "line": 68, "column": 1 }
        },
        "line": 64
      },
      "5": {
        "name": "ensureStartsWithPathSeparator",
        "decl": {
          "start": { "line": 74, "column": 9 },
          "end": { "line": 74, "column": 38 }
        },
        "loc": {
          "start": { "line": 74, "column": 53 },
          "end": { "line": 77, "column": 1 }
        },
        "line": 74
      },
      "6": {
        "name": "ensureEndsWithPathSeparator",
        "decl": {
          "start": { "line": 83, "column": 9 },
          "end": { "line": 83, "column": 36 }
        },
        "loc": {
          "start": { "line": 83, "column": 51 },
          "end": { "line": 86, "column": 1 }
        },
        "line": 83
      },
      "7": {
        "name": "trimPathSeparator",
        "decl": {
          "start": { "line": 92, "column": 9 },
          "end": { "line": 92, "column": 26 }
        },
        "loc": {
          "start": { "line": 92, "column": 41 },
          "end": { "line": 96, "column": 1 }
        },
        "line": 92
      },
      "8": {
        "name": "ensureSurroundedWithPathSeparator",
        "decl": {
          "start": { "line": 102, "column": 9 },
          "end": { "line": 102, "column": 42 }
        },
        "loc": {
          "start": { "line": 102, "column": 57 },
          "end": { "line": 106, "column": 1 }
        },
        "line": 102
      },
      "9": {
        "name": "resolveTemplatesDir",
        "decl": {
          "start": { "line": 108, "column": 9 },
          "end": { "line": 108, "column": 28 }
        },
        "loc": {
          "start": { "line": 108, "column": 31 },
          "end": { "line": 117, "column": 1 }
        },
        "line": 108
      },
      "10": {
        "name": "(anonymous_10)",
        "decl": {
          "start": { "line": 111, "column": 48 },
          "end": { "line": 111, "column": 49 }
        },
        "loc": {
          "start": { "line": 111, "column": 55 },
          "end": { "line": 111, "column": 70 }
        },
        "line": 111
      },
      "11": {
        "name": "(anonymous_11)",
        "decl": {
          "start": { "line": 126, "column": 31 },
          "end": { "line": 126, "column": 32 }
        },
        "loc": {
          "start": { "line": 126, "column": 41 },
          "end": { "line": 141, "column": 1 }
        },
        "line": 126
      },
      "12": {
        "name": "(anonymous_12)",
        "decl": {
          "start": { "line": 146, "column": 27 },
          "end": { "line": 146, "column": 28 }
        },
        "loc": {
          "start": { "line": 146, "column": 41 },
          "end": { "line": 173, "column": 1 }
        },
        "line": 146
      }
    },
    "branchMap": {
      "0": {
        "loc": {
          "start": { "line": 23, "column": 4 },
          "end": { "line": 26, "column": 5 }
        },
        "type": "if",
        "locations": [
          {
            "start": { "line": 23, "column": 4 },
            "end": { "line": 26, "column": 5 }
          },
          {
            "start": { "line": 23, "column": 4 },
            "end": { "line": 26, "column": 5 }
          }
        ],
        "line": 23
      },
      "1": {
        "loc": {
          "start": { "line": 29, "column": 9 },
          "end": { "line": 29, "column": 62 }
        },
        "type": "cond-expr",
        "locations": [
          {
            "start": { "line": 29, "column": 28 },
            "end": { "line": 29, "column": 56 }
          },
          {
            "start": { "line": 29, "column": 59 },
            "end": { "line": 29, "column": 62 }
          }
        ],
        "line": 29
      },
      "2": {
        "loc": {
          "start": { "line": 42, "column": 4 },
          "end": { "line": 46, "column": 5 }
        },
        "type": "if",
        "locations": [
          {
            "start": { "line": 42, "column": 4 },
            "end": { "line": 46, "column": 5 }
          },
          {
            "start": { "line": 42, "column": 4 },
            "end": { "line": 46, "column": 5 }
          }
        ],
        "line": 42
      },
      "3": {
        "loc": {
          "start": { "line": 49, "column": 9 },
          "end": { "line": 49, "column": 78 }
        },
        "type": "cond-expr",
        "locations": [
          {
            "start": { "line": 49, "column": 28 },
            "end": { "line": 49, "column": 72 }
          },
          {
            "start": { "line": 49, "column": 75 },
            "end": { "line": 49, "column": 78 }
          }
        ],
        "line": 49
      },
      "4": {
        "loc": {
          "start": { "line": 64, "column": 38 },
          "end": { "line": 64, "column": 53 }
        },
        "type": "default-arg",
        "locations": [
          {
            "start": { "line": 64, "column": 50 },
            "end": { "line": 64, "column": 53 }
          }
        ],
        "line": 64
      },
      "5": {
        "loc": {
          "start": { "line": 74, "column": 42 },
          "end": { "line": 74, "column": 51 }
        },
        "type": "default-arg",
        "locations": [
          {
            "start": { "line": 74, "column": 48 },
            "end": { "line": 74, "column": 51 }
          }
        ],
        "line": 74
      },
      "6": {
        "loc": {
          "start": { "line": 76, "column": 9 },
          "end": { "line": 76, "column": 60 }
        },
        "type": "cond-expr",
        "locations": [
          {
            "start": { "line": 76, "column": 34 },
            "end": { "line": 76, "column": 40 }
          },
          {
            "start": { "line": 76, "column": 43 },
            "end": { "line": 76, "column": 60 }
          }
        ],
        "line": 76
      },
      "7": {
        "loc": {
          "start": { "line": 83, "column": 40 },
          "end": { "line": 83, "column": 49 }
        },
        "type": "default-arg",
        "locations": [
          {
            "start": { "line": 83, "column": 46 },
            "end": { "line": 83, "column": 49 }
          }
        ],
        "line": 83
      },
      "8": {
        "loc": {
          "start": { "line": 85, "column": 9 },
          "end": { "line": 85, "column": 58 }
        },
        "type": "cond-expr",
        "locations": [
          {
            "start": { "line": 85, "column": 32 },
            "end": { "line": 85, "column": 38 }
          },
          {
            "start": { "line": 85, "column": 41 },
            "end": { "line": 85, "column": 58 }
          }
        ],
        "line": 85
      },
      "9": {
        "loc": {
          "start": { "line": 92, "column": 30 },
          "end": { "line": 92, "column": 39 }
        },
        "type": "default-arg",
        "locations": [
          {
            "start": { "line": 92, "column": 36 },
            "end": { "line": 92, "column": 39 }
          }
        ],
        "line": 92
      },
      "10": {
        "loc": {
          "start": { "line": 102, "column": 46 },
          "end": { "line": 102, "column": 55 }
        },
        "type": "default-arg",
        "locations": [
          {
            "start": { "line": 102, "column": 52 },
            "end": { "line": 102, "column": 55 }
          }
        ],
        "line": 102
      },
      "11": {
        "loc": {
          "start": { "line": 112, "column": 2 },
          "end": { "line": 114, "column": 3 }
        },
        "type": "if",
        "locations": [
          {
            "start": { "line": 112, "column": 2 },
            "end": { "line": 114, "column": 3 }
          },
          {
            "start": { "line": 112, "column": 2 },
            "end": { "line": 114, "column": 3 }
          }
        ],
        "line": 112
      },
      "12": {
        "loc": {
          "start": { "line": 127, "column": 2 },
          "end": { "line": 130, "column": 3 }
        },
        "type": "if",
        "locations": [
          {
            "start": { "line": 127, "column": 2 },
            "end": { "line": 130, "column": 3 }
          },
          {
            "start": { "line": 127, "column": 2 },
            "end": { "line": 130, "column": 3 }
          }
        ],
        "line": 127
      },
      "13": {
        "loc": {
          "start": { "line": 132, "column": 2 },
          "end": { "line": 134, "column": 3 }
        },
        "type": "if",
        "locations": [
          {
            "start": { "line": 132, "column": 2 },
            "end": { "line": 134, "column": 3 }
          },
          {
            "start": { "line": 132, "column": 2 },
            "end": { "line": 134, "column": 3 }
          }
        ],
        "line": 132
      },
      "14": {
        "loc": {
          "start": { "line": 136, "column": 2 },
          "end": { "line": 138, "column": 3 }
        },
        "type": "if",
        "locations": [
          {
            "start": { "line": 136, "column": 2 },
            "end": { "line": 138, "column": 3 }
          },
          {
            "start": { "line": 136, "column": 2 },
            "end": { "line": 138, "column": 3 }
          }
        ],
        "line": 136
      },
      "15": {
        "loc": {
          "start": { "line": 147, "column": 2 },
          "end": { "line": 149, "column": 3 }
        },
        "type": "if",
        "locations": [
          {
            "start": { "line": 147, "column": 2 },
            "end": { "line": 149, "column": 3 }
          },
          {
            "start": { "line": 147, "column": 2 },
            "end": { "line": 149, "column": 3 }
          }
        ],
        "line": 147
      }
    },
    "s": {
      "0": 5,
      "1": 5,
      "2": 5,
      "3": 1,
      "4": 25,
      "5": 25,
      "6": 25,
      "7": 29,
      "8": 29,
      "9": 23,
      "10": 23,
      "11": 24,
      "12": 24,
      "13": 24,
      "14": 24,
      "15": 27,
      "16": 27,
      "17": 23,
      "18": 4,
      "19": 24,
      "20": 25,
      "21": 31,
      "22": 31,
      "23": 31,
      "24": 7,
      "25": 7,
      "26": 4,
      "27": 4,
      "28": 16,
      "29": 16,
      "30": 3,
      "31": 3,
      "32": 0,
      "33": 0,
      "34": 0,
      "35": 0,
      "36": 0,
      "37": 0,
      "38": 5,
      "39": 5,
      "40": 0,
      "41": 0,
      "42": 0,
      "43": 0,
      "44": 0,
      "45": 0,
      "46": 0,
      "47": 0,
      "48": 5,
      "49": 0,
      "50": 0,
      "51": 0,
      "52": 0,
      "53": 0,
      "54": 5,
      "55": 5
    },
    "f": {
      "0": 1,
      "1": 25,
      "2": 24,
      "3": 25,
      "4": 31,
      "5": 7,
      "6": 4,
      "7": 16,
      "8": 3,
      "9": 0,
      "10": 0,
      "11": 0,
      "12": 0
    },
    "b": {
      "0": [23, 6],
      "1": [6, 18],
      "2": [23, 4],
      "3": [4, 20],
      "4": [1],
      "5": [7],
      "6": [2, 5],
      "7": [4],
      "8": [1, 3],
      "9": [16],
      "10": [3],
      "11": [0, 0],
      "12": [0, 0],
      "13": [0, 0],
      "14": [0, 0],
      "15": [0, 0]
    },
    "_coverageSchema": "43e27e138ebf9cfc5966b082cf9a028302ed4184",
    "hash": "f538c7d34891c8ac50e606fa1b5471597333f024"
  },
  "C:\\all\\projects\\ts-deps\\src\\index.js": {
    "path": "C:\\all\\projects\\ts-deps\\src\\index.js",
    "statementMap": {
      "0": {
        "start": { "line": 2, "column": 23 },
        "end": { "line": 2, "column": 54 }
      },
      "1": {
        "start": { "line": 3, "column": 24 },
        "end": { "line": 3, "column": 56 }
      },
      "2": {
        "start": { "line": 4, "column": 23 },
        "end": { "line": 4, "column": 49 }
      },
      "3": {
        "start": { "line": 5, "column": 18 },
        "end": { "line": 5, "column": 44 }
      },
      "4": {
        "start": { "line": 6, "column": 18 },
        "end": { "line": 6, "column": 44 }
      },
      "5": {
        "start": { "line": 7, "column": 17 },
        "end": { "line": 7, "column": 42 }
      },
      "6": {
        "start": { "line": 8, "column": 28 },
        "end": { "line": 8, "column": 64 }
      },
      "7": {
        "start": { "line": 9, "column": 17 },
        "end": { "line": 9, "column": 38 }
      },
      "8": {
        "start": { "line": 11, "column": 0 },
        "end": { "line": 23, "column": 1 }
      }
    },
    "fnMap": {},
    "branchMap": {},
    "s": {
      "0": 1,
      "1": 1,
      "2": 1,
      "3": 1,
      "4": 1,
      "5": 1,
      "6": 1,
      "7": 1,
      "8": 1
    },
    "f": {},
    "b": {},
    "_coverageSchema": "43e27e138ebf9cfc5966b082cf9a028302ed4184",
    "hash": "7ea452dfad5a729107dde64e15e35273490fcec5"
  },
  "C:\\all\\projects\\ts-deps\\src\\options.js": {
    "path": "C:\\all\\projects\\ts-deps\\src\\options.js",
    "statementMap": {
      "0": {
        "start": { "line": 2, "column": 23 },
        "end": { "line": 2, "column": 36 }
      },
      "1": {
        "start": { "line": 3, "column": 20 },
        "end": { "line": 3, "column": 35 }
      },
      "2": {
        "start": { "line": 4, "column": 28 },
        "end": { "line": 4, "column": 49 }
      },
      "3": {
        "start": { "line": 9, "column": 11 },
        "end": { "line": 9, "column": 15 }
      },
      "4": {
        "start": { "line": 15, "column": 2 },
        "end": { "line": 17, "column": 3 }
      },
      "5": {
        "start": { "line": 16, "column": 4 },
        "end": { "line": 16, "column": 15 }
      },
      "6": {
        "start": { "line": 18, "column": 15 },
        "end": { "line": 18, "column": 39 }
      },
      "7": {
        "start": { "line": 19, "column": 17 },
        "end": { "line": 19, "column": 33 }
      },
      "8": {
        "start": { "line": 21, "column": 2 },
        "end": { "line": 25, "column": 3 }
      },
      "9": {
        "start": { "line": 22, "column": 4 },
        "end": { "line": 22, "column": 33 }
      },
      "10": {
        "start": { "line": 24, "column": 4 },
        "end": { "line": 24, "column": 13 }
      },
      "11": {
        "start": { "line": 28, "column": 0 },
        "end": { "line": 30, "column": 1 }
      }
    },
    "fnMap": {
      "0": {
        "name": "options",
        "decl": {
          "start": { "line": 14, "column": 9 },
          "end": { "line": 14, "column": 16 }
        },
        "loc": {
          "start": { "line": 14, "column": 19 },
          "end": { "line": 26, "column": 1 }
        },
        "line": 14
      }
    },
    "branchMap": {
      "0": {
        "loc": {
          "start": { "line": 15, "column": 2 },
          "end": { "line": 17, "column": 3 }
        },
        "type": "if",
        "locations": [
          {
            "start": { "line": 15, "column": 2 },
            "end": { "line": 17, "column": 3 }
          },
          {
            "start": { "line": 15, "column": 2 },
            "end": { "line": 17, "column": 3 }
          }
        ],
        "line": 15
      },
      "1": {
        "loc": {
          "start": { "line": 21, "column": 2 },
          "end": { "line": 25, "column": 3 }
        },
        "type": "if",
        "locations": [
          {
            "start": { "line": 21, "column": 2 },
            "end": { "line": 25, "column": 3 }
          },
          {
            "start": { "line": 21, "column": 2 },
            "end": { "line": 25, "column": 3 }
          }
        ],
        "line": 21
      }
    },
    "s": {
      "0": 4,
      "1": 4,
      "2": 4,
      "3": 4,
      "4": 12,
      "5": 8,
      "6": 4,
      "7": 4,
      "8": 4,
      "9": 4,
      "10": 0,
      "11": 4
    },
    "f": { "0": 12 },
    "b": { "0": [8, 4], "1": [4, 0] },
    "_coverageSchema": "43e27e138ebf9cfc5966b082cf9a028302ed4184",
    "hash": "42a387b2ab25324ea57d421f530c0710cfab05e4"
  },
  "C:\\all\\projects\\ts-deps\\src\\cli\\ts-deps.js": {
    "path": "C:\\all\\projects\\ts-deps\\src\\cli\\ts-deps.js",
    "statementMap": {
      "0": {
        "start": { "line": 3, "column": 0 },
        "end": { "line": 3, "column": 25 }
      }
    },
    "fnMap": {},
    "branchMap": {},
    "s": { "0": 0 },
    "f": {},
    "b": {}
  },
  "C:\\all\\projects\\ts-deps\\src\\config\\babel.config.js": {
    "path": "C:\\all\\projects\\ts-deps\\src\\config\\babel.config.js",
    "statementMap": {
      "0": {
        "start": { "line": 4, "column": 17 },
        "end": { "line": 4, "column": 39 }
      },
      "1": {
        "start": { "line": 5, "column": 30 },
        "end": { "line": 5, "column": 51 }
      },
      "2": {
        "start": { "line": 6, "column": 20 },
        "end": { "line": 6, "column": 41 }
      },
      "3": {
        "start": { "line": 11, "column": 20 },
        "end": { "line": 51, "column": 1 }
      },
      "4": {
        "start": { "line": 12, "column": 15 },
        "end": { "line": 12, "column": 24 }
      },
      "5": {
        "start": { "line": 13, "column": 35 },
        "end": { "line": 17, "column": 3 }
      },
      "6": {
        "start": { "line": 18, "column": 14 },
        "end": { "line": 18, "column": 30 }
      },
      "7": {
        "start": { "line": 20, "column": 17 },
        "end": { "line": 48, "column": 3 }
      },
      "8": {
        "start": { "line": 38, "column": 12 },
        "end": { "line": 41, "column": 13 }
      },
      "9": {
        "start": { "line": 50, "column": 2 },
        "end": { "line": 50, "column": 15 }
      },
      "10": {
        "start": { "line": 53, "column": 0 },
        "end": { "line": 59, "column": 1 }
      }
    },
    "fnMap": {
      "0": {
        "name": "(anonymous_0)",
        "decl": {
          "start": { "line": 11, "column": 20 },
          "end": { "line": 11, "column": 21 }
        },
        "loc": {
          "start": { "line": 11, "column": 40 },
          "end": { "line": 51, "column": 1 }
        },
        "line": 11
      },
      "1": {
        "name": "(anonymous_1)",
        "decl": {
          "start": { "line": 37, "column": 45 },
          "end": { "line": 37, "column": 46 }
        },
        "loc": {
          "start": { "line": 37, "column": 59 },
          "end": { "line": 42, "column": 11 }
        },
        "line": 37
      }
    },
    "branchMap": {
      "0": {
        "loc": {
          "start": { "line": 11, "column": 21 },
          "end": { "line": 11, "column": 35 }
        },
        "type": "default-arg",
        "locations": [
          {
            "start": { "line": 11, "column": 33 },
            "end": { "line": 11, "column": 35 }
          }
        ],
        "line": 11
      },
      "1": {
        "loc": {
          "start": { "line": 15, "column": 17 },
          "end": { "line": 15, "column": 57 }
        },
        "type": "binary-expr",
        "locations": [
          {
            "start": { "line": 15, "column": 17 },
            "end": { "line": 15, "column": 33 }
          },
          {
            "start": { "line": 15, "column": 37 },
            "end": { "line": 15, "column": 57 }
          }
        ],
        "line": 15
      },
      "2": {
        "loc": {
          "start": { "line": 33, "column": 6 },
          "end": { "line": 44, "column": 7 }
        },
        "type": "binary-expr",
        "locations": [
          {
            "start": { "line": 33, "column": 6 },
            "end": { "line": 33, "column": 15 }
          },
          {
            "start": { "line": 33, "column": 19 },
            "end": { "line": 44, "column": 7 }
          }
        ],
        "line": 33
      }
    },
    "s": {
      "0": 2,
      "1": 2,
      "2": 2,
      "3": 2,
      "4": 7,
      "5": 7,
      "6": 7,
      "7": 7,
      "8": 8,
      "9": 7,
      "10": 2
    },
    "f": { "0": 7, "1": 8 },
    "b": { "0": [3], "1": [7, 7], "2": [7, 7] },
    "_coverageSchema": "43e27e138ebf9cfc5966b082cf9a028302ed4184",
    "hash": "cb778d7fdfdab3bc3b2dbaa4bfe5c1a71ba052b9"
  },
  "C:\\all\\projects\\ts-deps\\src\\config\\jest.config.js": {
    "path": "C:\\all\\projects\\ts-deps\\src\\config\\jest.config.js",
    "statementMap": {
      "0": {
        "start": { "line": 4, "column": 17 },
        "end": { "line": 4, "column": 39 }
      },
      "1": {
        "start": { "line": 5, "column": 20 },
        "end": { "line": 5, "column": 41 }
      },
      "2": {
        "start": { "line": 10, "column": 4 },
        "end": { "line": 10, "column": 25 }
      },
      "3": {
        "start": { "line": 16, "column": 19 },
        "end": { "line": 69, "column": 1 }
      },
      "4": {
        "start": { "line": 17, "column": 15 },
        "end": { "line": 17, "column": 24 }
      },
      "5": {
        "start": { "line": 18, "column": 41 },
        "end": { "line": 22, "column": 3 }
      },
      "6": {
        "start": { "line": 23, "column": 14 },
        "end": { "line": 23, "column": 61 }
      },
      "7": {
        "start": { "line": 24, "column": 14 },
        "end": { "line": 24, "column": 48 }
      },
      "8": {
        "start": { "line": 25, "column": 21 },
        "end": { "line": 25, "column": 40 }
      },
      "9": {
        "start": { "line": 26, "column": 15 },
        "end": { "line": 26, "column": 44 }
      },
      "10": {
        "start": { "line": 28, "column": 4 },
        "end": { "line": 36, "column": 10 }
      },
      "11": {
        "start": { "line": 30, "column": 20 },
        "end": { "line": 30, "column": 51 }
      },
      "12": {
        "start": { "line": 31, "column": 6 },
        "end": { "line": 35, "column": 7 }
      },
      "13": {
        "start": { "line": 38, "column": 31 },
        "end": { "line": 40, "column": 21 }
      },
      "14": {
        "start": { "line": 41, "column": 24 },
        "end": { "line": 41, "column": 78 }
      },
      "15": {
        "start": { "line": 43, "column": 2 },
        "end": { "line": 68, "column": 3 }
      },
      "16": {
        "start": { "line": 71, "column": 0 },
        "end": { "line": 73, "column": 1 }
      }
    },
    "fnMap": {
      "0": {
        "name": "(anonymous_0)",
        "decl": {
          "start": { "line": 16, "column": 19 },
          "end": { "line": 16, "column": 20 }
        },
        "loc": {
          "start": { "line": 16, "column": 39 },
          "end": { "line": 69, "column": 1 }
        },
        "line": 16
      },
      "1": {
        "name": "(anonymous_1)",
        "decl": {
          "start": { "line": 29, "column": 32 },
          "end": { "line": 29, "column": 33 }
        },
        "loc": {
          "start": { "line": 29, "column": 46 },
          "end": { "line": 36, "column": 5 }
        },
        "line": 29
      }
    },
    "branchMap": {
      "0": {
        "loc": {
          "start": { "line": 16, "column": 20 },
          "end": { "line": 16, "column": 34 }
        },
        "type": "default-arg",
        "locations": [
          {
            "start": { "line": 16, "column": 32 },
            "end": { "line": 16, "column": 34 }
          }
        ],
        "line": 16
      },
      "1": {
        "loc": {
          "start": { "line": 28, "column": 4 },
          "end": { "line": 36, "column": 10 }
        },
        "type": "binary-expr",
        "locations": [
          {
            "start": { "line": 28, "column": 4 },
            "end": { "line": 28, "column": 11 }
          },
          {
            "start": { "line": 29, "column": 4 },
            "end": { "line": 36, "column": 10 }
          }
        ],
        "line": 28
      },
      "2": {
        "loc": {
          "start": { "line": 45, "column": 15 },
          "end": { "line": 45, "column": 75 }
        },
        "type": "cond-expr",
        "locations": [
          {
            "start": { "line": 45, "column": 35 },
            "end": { "line": 45, "column": 57 }
          },
          {
            "start": { "line": 45, "column": 60 },
            "end": { "line": 45, "column": 75 }
          }
        ],
        "line": 45
      },
      "3": {
        "loc": {
          "start": { "line": 47, "column": 23 },
          "end": { "line": 49, "column": 23 }
        },
        "type": "cond-expr",
        "locations": [
          {
            "start": { "line": 48, "column": 8 },
            "end": { "line": 48, "column": 30 }
          },
          {
            "start": { "line": 49, "column": 8 },
            "end": { "line": 49, "column": 23 }
          }
        ],
        "line": 47
      },
      "4": {
        "loc": {
          "start": { "line": 61, "column": 8 },
          "end": { "line": 61, "column": 48 }
        },
        "type": "binary-expr",
        "locations": [
          {
            "start": { "line": 61, "column": 8 },
            "end": { "line": 61, "column": 24 }
          },
          {
            "start": { "line": 61, "column": 28 },
            "end": { "line": 61, "column": 48 }
          }
        ],
        "line": 61
      }
    },
    "s": {
      "0": 2,
      "1": 2,
      "2": 2,
      "3": 2,
      "4": 3,
      "5": 3,
      "6": 3,
      "7": 3,
      "8": 3,
      "9": 3,
      "10": 3,
      "11": 3,
      "12": 3,
      "13": 3,
      "14": 3,
      "15": 3,
      "16": 2
    },
    "f": { "0": 3, "1": 3 },
    "b": { "0": [1], "1": [3, 3], "2": [1, 2], "3": [1, 2], "4": [3, 3] },
    "_coverageSchema": "43e27e138ebf9cfc5966b082cf9a028302ed4184",
    "hash": "9d6a381965bc1478b75ca685ed7b23455ad50793"
  },
  "C:\\all\\projects\\ts-deps\\src\\config\\tsconfig.js": {
    "path": "C:\\all\\projects\\ts-deps\\src\\config\\tsconfig.js",
    "statementMap": {
      "0": {
        "start": { "line": 2, "column": 20 },
        "end": { "line": 2, "column": 41 }
      },
      "1": {
        "start": { "line": 3, "column": 30 },
        "end": { "line": 3, "column": 51 }
      },
      "2": {
        "start": { "line": 4, "column": 17 },
        "end": { "line": 4, "column": 39 }
      },
      "3": {
        "start": { "line": 9, "column": 17 },
        "end": { "line": 39, "column": 1 }
      },
      "4": {
        "start": { "line": 10, "column": 15 },
        "end": { "line": 10, "column": 24 }
      },
      "5": {
        "start": { "line": 11, "column": 42 },
        "end": { "line": 16, "column": 3 }
      },
      "6": {
        "start": { "line": 17, "column": 14 },
        "end": { "line": 17, "column": 30 }
      },
      "7": {
        "start": { "line": 18, "column": 14 },
        "end": { "line": 18, "column": 29 }
      },
      "8": {
        "start": { "line": 20, "column": 4 },
        "end": { "line": 28, "column": 10 }
      },
      "9": {
        "start": { "line": 22, "column": 20 },
        "end": { "line": 22, "column": 51 }
      },
      "10": {
        "start": { "line": 23, "column": 6 },
        "end": { "line": 27, "column": 7 }
      },
      "11": {
        "start": { "line": 30, "column": 2 },
        "end": { "line": 38, "column": 3 }
      },
      "12": {
        "start": { "line": 41, "column": 0 },
        "end": { "line": 43, "column": 1 }
      }
    },
    "fnMap": {
      "0": {
        "name": "(anonymous_0)",
        "decl": {
          "start": { "line": 9, "column": 17 },
          "end": { "line": 9, "column": 18 }
        },
        "loc": {
          "start": { "line": 9, "column": 37 },
          "end": { "line": 39, "column": 1 }
        },
        "line": 9
      },
      "1": {
        "name": "(anonymous_1)",
        "decl": {
          "start": { "line": 21, "column": 32 },
          "end": { "line": 21, "column": 33 }
        },
        "loc": {
          "start": { "line": 21, "column": 46 },
          "end": { "line": 28, "column": 5 }
        },
        "line": 21
      }
    },
    "branchMap": {
      "0": {
        "loc": {
          "start": { "line": 9, "column": 18 },
          "end": { "line": 9, "column": 32 }
        },
        "type": "default-arg",
        "locations": [
          {
            "start": { "line": 9, "column": 30 },
            "end": { "line": 9, "column": 32 }
          }
        ],
        "line": 9
      },
      "1": {
        "loc": {
          "start": { "line": 14, "column": 6 },
          "end": { "line": 14, "column": 77 }
        },
        "type": "binary-expr",
        "locations": [
          {
            "start": { "line": 14, "column": 6 },
            "end": { "line": 14, "column": 31 }
          },
          {
            "start": { "line": 14, "column": 35 },
            "end": { "line": 14, "column": 77 }
          }
        ],
        "line": 14
      },
      "2": {
        "loc": {
          "start": { "line": 20, "column": 4 },
          "end": { "line": 28, "column": 10 }
        },
        "type": "binary-expr",
        "locations": [
          {
            "start": { "line": 20, "column": 4 },
            "end": { "line": 20, "column": 11 }
          },
          {
            "start": { "line": 21, "column": 4 },
            "end": { "line": 28, "column": 10 }
          }
        ],
        "line": 20
      }
    },
    "s": {
      "0": 2,
      "1": 2,
      "2": 2,
      "3": 2,
      "4": 2,
      "5": 2,
      "6": 2,
      "7": 2,
      "8": 2,
      "9": 2,
      "10": 2,
      "11": 2,
      "12": 2
    },
    "f": { "0": 2, "1": 2 },
    "b": { "0": [1], "1": [2, 0], "2": [2, 2] },
    "_coverageSchema": "43e27e138ebf9cfc5966b082cf9a028302ed4184",
    "hash": "5f904dd36ea29181e8bd3b01c5500cfc028a08fe"
  },
  "C:\\all\\projects\\ts-deps\\src\\scripts\\build.js": {
    "path": "C:\\all\\projects\\ts-deps\\src\\scripts\\build.js",
    "statementMap": {
      "0": {
        "start": { "line": 2, "column": 18 },
        "end": { "line": 2, "column": 42 }
      },
      "1": {
        "start": { "line": 3, "column": 17 },
        "end": { "line": 3, "column": 39 }
      },
      "2": {
        "start": { "line": 4, "column": 17 },
        "end": { "line": 4, "column": 36 }
      },
      "3": {
        "start": { "line": 5, "column": 11 },
        "end": { "line": 5, "column": 31 }
      },
      "4": {
        "start": { "line": 6, "column": 17 },
        "end": { "line": 6, "column": 32 }
      },
      "5": {
        "start": { "line": 13, "column": 27 },
        "end": { "line": 26, "column": 1 }
      },
      "6": {
        "start": { "line": 14, "column": 19 },
        "end": { "line": 16, "column": 3 }
      },
      "7": {
        "start": { "line": 15, "column": 4 },
        "end": { "line": 15, "column": 51 }
      },
      "8": {
        "start": { "line": 15, "column": 33 },
        "end": { "line": 15, "column": 50 }
      },
      "9": {
        "start": { "line": 19, "column": 2 },
        "end": { "line": 21, "column": 3 }
      },
      "10": {
        "start": { "line": 20, "column": 4 },
        "end": { "line": 20, "column": 13 }
      },
      "11": {
        "start": { "line": 23, "column": 2 },
        "end": { "line": 25, "column": 49 }
      },
      "12": {
        "start": { "line": 24, "column": 17 },
        "end": { "line": 24, "column": 61 }
      },
      "13": {
        "start": { "line": 25, "column": 27 },
        "end": { "line": 25, "column": 44 }
      },
      "14": {
        "start": { "line": 42, "column": 15 },
        "end": { "line": 42, "column": 57 }
      },
      "15": {
        "start": { "line": 42, "column": 37 },
        "end": { "line": 42, "column": 46 }
      },
      "16": {
        "start": { "line": 44, "column": 15 },
        "end": { "line": 44, "column": 77 }
      },
      "17": {
        "start": { "line": 47, "column": 4 },
        "end": { "line": 47, "column": 62 }
      },
      "18": {
        "start": { "line": 49, "column": 22 },
        "end": { "line": 49, "column": 60 }
      },
      "19": {
        "start": { "line": 51, "column": 2 },
        "end": { "line": 77, "column": 3 }
      },
      "20": {
        "start": { "line": 52, "column": 4 },
        "end": { "line": 52, "column": 17 }
      },
      "21": {
        "start": { "line": 53, "column": 4 },
        "end": { "line": 58, "column": 5 }
      },
      "22": {
        "start": { "line": 63, "column": 18 },
        "end": { "line": 65, "column": 6 }
      },
      "23": {
        "start": { "line": 67, "column": 4 },
        "end": { "line": 73, "column": 5 }
      },
      "24": {
        "start": { "line": 69, "column": 20 },
        "end": { "line": 69, "column": 39 }
      },
      "25": {
        "start": { "line": 70, "column": 21 },
        "end": { "line": 70, "column": 39 }
      },
      "26": {
        "start": { "line": 71, "column": 8 },
        "end": { "line": 71, "column": 30 }
      },
      "27": {
        "start": { "line": 75, "column": 4 },
        "end": { "line": 75, "column": 61 }
      },
      "28": {
        "start": { "line": 76, "column": 4 },
        "end": { "line": 76, "column": 19 }
      },
      "29": {
        "start": { "line": 83, "column": 22 },
        "end": { "line": 84, "column": 44 }
      },
      "30": {
        "start": { "line": 84, "column": 4 },
        "end": { "line": 84, "column": 44 }
      },
      "31": {
        "start": { "line": 86, "column": 20 },
        "end": { "line": 100, "column": 7 }
      },
      "32": {
        "start": { "line": 102, "column": 2 },
        "end": { "line": 104, "column": 3 }
      },
      "33": {
        "start": { "line": 103, "column": 4 },
        "end": { "line": 103, "column": 45 }
      },
      "34": {
        "start": { "line": 106, "column": 20 },
        "end": { "line": 110, "column": 4 }
      },
      "35": {
        "start": { "line": 112, "column": 23 },
        "end": { "line": 116, "column": 4 }
      },
      "36": {
        "start": { "line": 113, "column": 4 },
        "end": { "line": 115, "column": 6 }
      },
      "37": {
        "start": { "line": 114, "column": 6 },
        "end": { "line": 114, "column": 15 }
      },
      "38": {
        "start": { "line": 118, "column": 2 },
        "end": { "line": 118, "column": 20 }
      },
      "39": {
        "start": { "line": 120, "column": 2 },
        "end": { "line": 126, "column": 3 }
      },
      "40": {
        "start": { "line": 121, "column": 4 },
        "end": { "line": 125, "column": 7 }
      },
      "41": {
        "start": { "line": 129, "column": 0 },
        "end": { "line": 131, "column": 1 }
      }
    },
    "fnMap": {
      "0": {
        "name": "(anonymous_0)",
        "decl": {
          "start": { "line": 13, "column": 27 },
          "end": { "line": 13, "column": 28 }
        },
        "loc": {
          "start": { "line": 13, "column": 57 },
          "end": { "line": 26, "column": 1 }
        },
        "line": 13
      },
      "1": {
        "name": "(anonymous_1)",
        "decl": {
          "start": { "line": 14, "column": 29 },
          "end": { "line": 14, "column": 30 }
        },
        "loc": {
          "start": { "line": 15, "column": 4 },
          "end": { "line": 15, "column": 51 }
        },
        "line": 15
      },
      "2": {
        "name": "(anonymous_2)",
        "decl": {
          "start": { "line": 15, "column": 20 },
          "end": { "line": 15, "column": 21 }
        },
        "loc": {
          "start": { "line": 15, "column": 33 },
          "end": { "line": 15, "column": 50 }
        },
        "line": 15
      },
      "3": {
        "name": "(anonymous_3)",
        "decl": {
          "start": { "line": 24, "column": 9 },
          "end": { "line": 24, "column": 10 }
        },
        "loc": {
          "start": { "line": 24, "column": 17 },
          "end": { "line": 24, "column": 61 }
        },
        "line": 24
      },
      "4": {
        "name": "(anonymous_4)",
        "decl": {
          "start": { "line": 25, "column": 12 },
          "end": { "line": 25, "column": 13 }
        },
        "loc": {
          "start": { "line": 25, "column": 27 },
          "end": { "line": 25, "column": 44 }
        },
        "line": 25
      },
      "5": {
        "name": "babelBuild",
        "decl": {
          "start": { "line": 31, "column": 15 },
          "end": { "line": 31, "column": 25 }
        },
        "loc": {
          "start": { "line": 41, "column": 8 },
          "end": { "line": 127, "column": 1 }
        },
        "line": 41
      },
      "6": {
        "name": "(anonymous_6)",
        "decl": {
          "start": { "line": 42, "column": 30 },
          "end": { "line": 42, "column": 31 }
        },
        "loc": {
          "start": { "line": 42, "column": 37 },
          "end": { "line": 42, "column": 46 }
        },
        "line": 42
      },
      "7": {
        "name": "(anonymous_7)",
        "decl": {
          "start": { "line": 68, "column": 16 },
          "end": { "line": 68, "column": 17 }
        },
        "loc": {
          "start": { "line": 68, "column": 24 },
          "end": { "line": 72, "column": 7 }
        },
        "line": 68
      },
      "8": {
        "name": "(anonymous_8)",
        "decl": {
          "start": { "line": 83, "column": 22 },
          "end": { "line": 83, "column": 23 }
        },
        "loc": {
          "start": { "line": 84, "column": 4 },
          "end": { "line": 84, "column": 44 }
        },
        "line": 84
      },
      "9": {
        "name": "(anonymous_9)",
        "decl": {
          "start": { "line": 112, "column": 35 },
          "end": { "line": 112, "column": 36 }
        },
        "loc": {
          "start": { "line": 112, "column": 50 },
          "end": { "line": 116, "column": 3 }
        },
        "line": 112
      },
      "10": {
        "name": "(anonymous_10)",
        "decl": {
          "start": { "line": 113, "column": 25 },
          "end": { "line": 113, "column": 26 }
        },
        "loc": {
          "start": { "line": 113, "column": 33 },
          "end": { "line": 115, "column": 5 }
        },
        "line": 113
      }
    },
    "branchMap": {
      "0": {
        "loc": {
          "start": { "line": 19, "column": 2 },
          "end": { "line": 21, "column": 3 }
        },
        "type": "if",
        "locations": [
          {
            "start": { "line": 19, "column": 2 },
            "end": { "line": 21, "column": 3 }
          },
          {
            "start": { "line": 19, "column": 2 },
            "end": { "line": 21, "column": 3 }
          }
        ],
        "line": 19
      },
      "1": {
        "loc": {
          "start": { "line": 24, "column": 17 },
          "end": { "line": 24, "column": 61 }
        },
        "type": "cond-expr",
        "locations": [
          {
            "start": { "line": 24, "column": 23 },
            "end": { "line": 24, "column": 43 }
          },
          {
            "start": { "line": 24, "column": 46 },
            "end": { "line": 24, "column": 61 }
          }
        ],
        "line": 24
      },
      "2": {
        "loc": {
          "start": { "line": 31, "column": 26 },
          "end": { "line": 41, "column": 6 }
        },
        "type": "default-arg",
        "locations": [
          {
            "start": { "line": 41, "column": 4 },
            "end": { "line": 41, "column": 6 }
          }
        ],
        "line": 31
      },
      "3": {
        "loc": {
          "start": { "line": 32, "column": 2 },
          "end": { "line": 32, "column": 41 }
        },
        "type": "default-arg",
        "locations": [
          {
            "start": { "line": 32, "column": 37 },
            "end": { "line": 32, "column": 41 }
          }
        ],
        "line": 32
      },
      "4": {
        "loc": {
          "start": { "line": 33, "column": 2 },
          "end": { "line": 33, "column": 25 }
        },
        "type": "default-arg",
        "locations": [
          {
            "start": { "line": 33, "column": 21 },
            "end": { "line": 33, "column": 25 }
          }
        ],
        "line": 33
      },
      "5": {
        "loc": {
          "start": { "line": 34, "column": 2 },
          "end": { "line": 34, "column": 23 }
        },
        "type": "default-arg",
        "locations": [
          {
            "start": { "line": 34, "column": 19 },
            "end": { "line": 34, "column": 23 }
          }
        ],
        "line": 34
      },
      "6": {
        "loc": {
          "start": { "line": 35, "column": 2 },
          "end": { "line": 35, "column": 34 }
        },
        "type": "default-arg",
        "locations": [
          {
            "start": { "line": 35, "column": 15 },
            "end": { "line": 35, "column": 34 }
          }
        ],
        "line": 35
      },
      "7": {
        "loc": {
          "start": { "line": 36, "column": 2 },
          "end": { "line": 36, "column": 26 }
        },
        "type": "default-arg",
        "locations": [
          {
            "start": { "line": 36, "column": 11 },
            "end": { "line": 36, "column": 26 }
          }
        ],
        "line": 36
      },
      "8": {
        "loc": {
          "start": { "line": 37, "column": 2 },
          "end": { "line": 37, "column": 28 }
        },
        "type": "default-arg",
        "locations": [
          {
            "start": { "line": 37, "column": 12 },
            "end": { "line": 37, "column": 28 }
          }
        ],
        "line": 37
      },
      "9": {
        "loc": {
          "start": { "line": 38, "column": 2 },
          "end": { "line": 38, "column": 40 }
        },
        "type": "default-arg",
        "locations": [
          {
            "start": { "line": 38, "column": 18 },
            "end": { "line": 38, "column": 40 }
          }
        ],
        "line": 38
      },
      "10": {
        "loc": {
          "start": { "line": 39, "column": 2 },
          "end": { "line": 39, "column": 54 }
        },
        "type": "default-arg",
        "locations": [
          {
            "start": { "line": 39, "column": 25 },
            "end": { "line": 39, "column": 54 }
          }
        ],
        "line": 39
      },
      "11": {
        "loc": {
          "start": { "line": 40, "column": 2 },
          "end": { "line": 40, "column": 57 }
        },
        "type": "default-arg",
        "locations": [
          {
            "start": { "line": 40, "column": 19 },
            "end": { "line": 40, "column": 57 }
          }
        ],
        "line": 40
      },
      "12": {
        "loc": {
          "start": { "line": 44, "column": 15 },
          "end": { "line": 44, "column": 77 }
        },
        "type": "cond-expr",
        "locations": [
          {
            "start": { "line": 44, "column": 50 },
            "end": { "line": 44, "column": 72 }
          },
          {
            "start": { "line": 44, "column": 75 },
            "end": { "line": 44, "column": 77 }
          }
        ],
        "line": 44
      },
      "13": {
        "loc": {
          "start": { "line": 47, "column": 4 },
          "end": { "line": 47, "column": 62 }
        },
        "type": "binary-expr",
        "locations": [
          {
            "start": { "line": 47, "column": 4 },
            "end": { "line": 47, "column": 33 }
          },
          {
            "start": { "line": 47, "column": 37 },
            "end": { "line": 47, "column": 62 }
          }
        ],
        "line": 47
      },
      "14": {
        "loc": {
          "start": { "line": 51, "column": 2 },
          "end": { "line": 77, "column": 3 }
        },
        "type": "if",
        "locations": [
          {
            "start": { "line": 51, "column": 2 },
            "end": { "line": 77, "column": 3 }
          },
          {
            "start": { "line": 51, "column": 2 },
            "end": { "line": 77, "column": 3 }
          }
        ],
        "line": 51
      },
      "15": {
        "loc": {
          "start": { "line": 51, "column": 6 },
          "end": { "line": 51, "column": 64 }
        },
        "type": "binary-expr",
        "locations": [
          {
            "start": { "line": 51, "column": 6 },
            "end": { "line": 51, "column": 19 }
          },
          {
            "start": { "line": 51, "column": 23 },
            "end": { "line": 51, "column": 35 }
          },
          {
            "start": { "line": 51, "column": 39 },
            "end": { "line": 51, "column": 64 }
          }
        ],
        "line": 51
      },
      "16": {
        "loc": {
          "start": { "line": 86, "column": 20 },
          "end": { "line": 100, "column": 7 }
        },
        "type": "cond-expr",
        "locations": [
          {
            "start": { "line": 87, "column": 6 },
            "end": { "line": 87, "column": 15 }
          },
          {
            "start": { "line": 88, "column": 6 },
            "end": { "line": 100, "column": 7 }
          }
        ],
        "line": 86
      },
      "17": {
        "loc": {
          "start": { "line": 95, "column": 10 },
          "end": { "line": 97, "column": 16 }
        },
        "type": "cond-expr",
        "locations": [
          {
            "start": { "line": 96, "column": 14 },
            "end": { "line": 96, "column": 65 }
          },
          {
            "start": { "line": 97, "column": 14 },
            "end": { "line": 97, "column": 16 }
          }
        ],
        "line": 95
      },
      "18": {
        "loc": {
          "start": { "line": 102, "column": 2 },
          "end": { "line": 104, "column": 3 }
        },
        "type": "if",
        "locations": [
          {
            "start": { "line": 102, "column": 2 },
            "end": { "line": 104, "column": 3 }
          },
          {
            "start": { "line": 102, "column": 2 },
            "end": { "line": 104, "column": 3 }
          }
        ],
        "line": 102
      },
      "19": {
        "loc": {
          "start": { "line": 120, "column": 2 },
          "end": { "line": 126, "column": 3 }
        },
        "type": "if",
        "locations": [
          {
            "start": { "line": 120, "column": 2 },
            "end": { "line": 126, "column": 3 }
          },
          {
            "start": { "line": 120, "column": 2 },
            "end": { "line": 126, "column": 3 }
          }
        ],
        "line": 120
      }
    },
    "s": {
      "0": 1,
      "1": 1,
      "2": 1,
      "3": 1,
      "4": 1,
      "5": 1,
      "6": 0,
      "7": 0,
      "8": 0,
      "9": 0,
      "10": 0,
      "11": 0,
      "12": 0,
      "13": 0,
      "14": 0,
      "15": 0,
      "16": 0,
      "17": 0,
      "18": 0,
      "19": 0,
      "20": 0,
      "21": 0,
      "22": 0,
      "23": 0,
      "24": 0,
      "25": 0,
      "26": 0,
      "27": 0,
      "28": 0,
      "29": 0,
      "30": 0,
      "31": 0,
      "32": 0,
      "33": 0,
      "34": 0,
      "35": 0,
      "36": 0,
      "37": 0,
      "38": 0,
      "39": 0,
      "40": 0,
      "41": 1
    },
    "f": {
      "0": 0,
      "1": 0,
      "2": 0,
      "3": 0,
      "4": 0,
      "5": 0,
      "6": 0,
      "7": 0,
      "8": 0,
      "9": 0,
      "10": 0
    },
    "b": {
      "0": [0, 0],
      "1": [0, 0],
      "2": [0],
      "3": [0],
      "4": [0],
      "5": [0],
      "6": [0],
      "7": [0],
      "8": [0],
      "9": [0],
      "10": [0],
      "11": [0],
      "12": [0, 0],
      "13": [0, 0],
      "14": [0, 0],
      "15": [0, 0, 0],
      "16": [0, 0],
      "17": [0, 0],
      "18": [0, 0],
      "19": [0, 0]
    },
    "_coverageSchema": "43e27e138ebf9cfc5966b082cf9a028302ed4184",
    "hash": "c9919d6e58dbf1127132329c2dfa9a52f2cd7768"
  },
  "C:\\all\\projects\\ts-deps\\src\\scripts\\clean.js": {
    "path": "C:\\all\\projects\\ts-deps\\src\\scripts\\clean.js",
    "statementMap": {
      "0": {
        "start": { "line": 2, "column": 40 },
        "end": { "line": 2, "column": 59 }
      },
      "1": {
        "start": { "line": 3, "column": 26 },
        "end": { "line": 3, "column": 41 }
      },
      "2": {
        "start": { "line": 5, "column": 14 },
        "end": { "line": 27, "column": 1 }
      },
      "3": {
        "start": { "line": 6, "column": 21 },
        "end": { "line": 6, "column": 34 }
      },
      "4": {
        "start": { "line": 8, "column": 22 },
        "end": { "line": 8, "column": 54 }
      },
      "5": {
        "start": { "line": 10, "column": 2 },
        "end": { "line": 26, "column": 3 }
      },
      "6": {
        "start": { "line": 11, "column": 20 },
        "end": { "line": 11, "column": 45 }
      },
      "7": {
        "start": { "line": 12, "column": 4 },
        "end": { "line": 15, "column": 5 }
      },
      "8": {
        "start": { "line": 13, "column": 6 },
        "end": { "line": 13, "column": 44 }
      },
      "9": {
        "start": { "line": 14, "column": 6 },
        "end": { "line": 14, "column": 12 }
      },
      "10": {
        "start": { "line": 17, "column": 4 },
        "end": { "line": 17, "column": 43 }
      },
      "11": {
        "start": { "line": 19, "column": 4 },
        "end": { "line": 19, "column": 27 }
      },
      "12": {
        "start": { "line": 20, "column": 4 },
        "end": { "line": 20, "column": 24 }
      },
      "13": {
        "start": { "line": 22, "column": 4 },
        "end": { "line": 24, "column": 5 }
      },
      "14": {
        "start": { "line": 25, "column": 4 },
        "end": { "line": 25, "column": 20 }
      },
      "15": {
        "start": { "line": 29, "column": 0 },
        "end": { "line": 31, "column": 1 }
      }
    },
    "fnMap": {
      "0": {
        "name": "(anonymous_0)",
        "decl": {
          "start": { "line": 5, "column": 14 },
          "end": { "line": 5, "column": 15 }
        },
        "loc": {
          "start": { "line": 5, "column": 26 },
          "end": { "line": 27, "column": 1 }
        },
        "line": 5
      }
    },
    "branchMap": {
      "0": {
        "loc": {
          "start": { "line": 10, "column": 2 },
          "end": { "line": 26, "column": 3 }
        },
        "type": "if",
        "locations": [
          {
            "start": { "line": 10, "column": 2 },
            "end": { "line": 26, "column": 3 }
          },
          {
            "start": { "line": 10, "column": 2 },
            "end": { "line": 26, "column": 3 }
          }
        ],
        "line": 10
      },
      "1": {
        "loc": {
          "start": { "line": 12, "column": 4 },
          "end": { "line": 15, "column": 5 }
        },
        "type": "if",
        "locations": [
          {
            "start": { "line": 12, "column": 4 },
            "end": { "line": 15, "column": 5 }
          },
          {
            "start": { "line": 12, "column": 4 },
            "end": { "line": 15, "column": 5 }
          }
        ],
        "line": 12
      }
    },
    "s": {
      "0": 1,
      "1": 1,
      "2": 1,
      "3": 0,
      "4": 0,
      "5": 0,
      "6": 0,
      "7": 0,
      "8": 0,
      "9": 0,
      "10": 0,
      "11": 0,
      "12": 0,
      "13": 0,
      "14": 0,
      "15": 1
    },
    "f": { "0": 0 },
    "b": { "0": [0, 0], "1": [0, 0] },
    "_coverageSchema": "43e27e138ebf9cfc5966b082cf9a028302ed4184",
    "hash": "e9722c8b4d840f57a2cc65b8e99cfd41fa4b6b91"
  },
  "C:\\all\\projects\\ts-deps\\src\\scripts\\cli.js": {
    "path": "C:\\all\\projects\\ts-deps\\src\\scripts\\cli.js",
    "statementMap": {
      "0": {
        "start": { "line": 2, "column": 14 },
        "end": { "line": 2, "column": 30 }
      },
      "1": {
        "start": { "line": 3, "column": 26 },
        "end": { "line": 3, "column": 43 }
      },
      "2": {
        "start": { "line": 4, "column": 27 },
        "end": { "line": 4, "column": 45 }
      },
      "3": {
        "start": { "line": 6, "column": 0 },
        "end": { "line": 11, "column": 10 }
      }
    },
    "fnMap": {},
    "branchMap": {},
    "s": { "0": 0, "1": 0, "2": 0, "3": 0 },
    "f": {},
    "b": {}
  },
  "C:\\all\\projects\\ts-deps\\src\\scripts\\combineCoverage.js": {
    "path": "C:\\all\\projects\\ts-deps\\src\\scripts\\combineCoverage.js",
    "statementMap": {
      "0": {
        "start": { "line": 3, "column": 20 },
        "end": { "line": 3, "column": 52 }
      },
      "1": {
        "start": { "line": 5, "column": 27 },
        "end": { "line": 5, "column": 50 }
      },
      "2": {
        "start": { "line": 6, "column": 11 },
        "end": { "line": 6, "column": 31 }
      },
      "3": {
        "start": { "line": 11, "column": 24 },
        "end": { "line": 44, "column": 1 }
      },
      "4": {
        "start": { "line": 12, "column": 14 },
        "end": { "line": 12, "column": 44 }
      },
      "5": {
        "start": { "line": 17, "column": 20 },
        "end": { "line": 21, "column": 4 }
      },
      "6": {
        "start": { "line": 23, "column": 23 },
        "end": { "line": 23, "column": 67 }
      },
      "7": {
        "start": { "line": 23, "column": 49 },
        "end": { "line": 23, "column": 66 }
      },
      "8": {
        "start": { "line": 28, "column": 32 },
        "end": { "line": 34, "column": 3 }
      },
      "9": {
        "start": { "line": 29, "column": 19 },
        "end": { "line": 29, "column": 22 }
      },
      "10": {
        "start": { "line": 30, "column": 4 },
        "end": { "line": 32, "column": 6 }
      },
      "11": {
        "start": { "line": 31, "column": 6 },
        "end": { "line": 31, "column": 41 }
      },
      "12": {
        "start": { "line": 31, "column": 23 },
        "end": { "line": 31, "column": 41 }
      },
      "13": {
        "start": { "line": 33, "column": 4 },
        "end": { "line": 33, "column": 17 }
      },
      "14": {
        "start": { "line": 36, "column": 14 },
        "end": { "line": 36, "column": 45 }
      },
      "15": {
        "start": { "line": 37, "column": 2 },
        "end": { "line": 39, "column": 3 }
      },
      "16": {
        "start": { "line": 38, "column": 4 },
        "end": { "line": 38, "column": 42 }
      },
      "17": {
        "start": { "line": 41, "column": 19 },
        "end": { "line": 41, "column": 35 }
      },
      "18": {
        "start": { "line": 42, "column": 2 },
        "end": { "line": 42, "column": 43 }
      },
      "19": {
        "start": { "line": 43, "column": 2 },
        "end": { "line": 43, "column": 21 }
      },
      "20": {
        "start": { "line": 46, "column": 0 },
        "end": { "line": 48, "column": 1 }
      }
    },
    "fnMap": {
      "0": {
        "name": "(anonymous_0)",
        "decl": {
          "start": { "line": 11, "column": 24 },
          "end": { "line": 11, "column": 25 }
        },
        "loc": {
          "start": { "line": 11, "column": 44 },
          "end": { "line": 44, "column": 1 }
        },
        "line": 11
      },
      "1": {
        "name": "(anonymous_1)",
        "decl": {
          "start": { "line": 23, "column": 37 },
          "end": { "line": 23, "column": 38 }
        },
        "loc": {
          "start": { "line": 23, "column": 49 },
          "end": { "line": 23, "column": 66 }
        },
        "line": 23
      },
      "2": {
        "name": "(anonymous_2)",
        "decl": {
          "start": { "line": 28, "column": 32 },
          "end": { "line": 28, "column": 33 }
        },
        "loc": {
          "start": { "line": 28, "column": 39 },
          "end": { "line": 34, "column": 3 }
        },
        "line": 28
      },
      "3": {
        "name": "(anonymous_3)",
        "decl": {
          "start": { "line": 30, "column": 35 },
          "end": { "line": 30, "column": 36 }
        },
        "loc": {
          "start": { "line": 30, "column": 47 },
          "end": { "line": 32, "column": 5 }
        },
        "line": 30
      }
    },
    "branchMap": {
      "0": {
        "loc": {
          "start": { "line": 11, "column": 25 },
          "end": { "line": 11, "column": 39 }
        },
        "type": "default-arg",
        "locations": [
          {
            "start": { "line": 11, "column": 37 },
            "end": { "line": 11, "column": 39 }
          }
        ],
        "line": 11
      },
      "1": {
        "loc": {
          "start": { "line": 12, "column": 14 },
          "end": { "line": 12, "column": 44 }
        },
        "type": "binary-expr",
        "locations": [
          {
            "start": { "line": 12, "column": 14 },
            "end": { "line": 12, "column": 27 }
          },
          {
            "start": { "line": 12, "column": 31 },
            "end": { "line": 12, "column": 44 }
          }
        ],
        "line": 12
      },
      "2": {
        "loc": {
          "start": { "line": 31, "column": 6 },
          "end": { "line": 31, "column": 41 }
        },
        "type": "if",
        "locations": [
          {
            "start": { "line": 31, "column": 6 },
            "end": { "line": 31, "column": 41 }
          },
          {
            "start": { "line": 31, "column": 6 },
            "end": { "line": 31, "column": 41 }
          }
        ],
        "line": 31
      },
      "3": {
        "loc": {
          "start": { "line": 31, "column": 10 },
          "end": { "line": 31, "column": 21 }
        },
        "type": "binary-expr",
        "locations": [
          {
            "start": { "line": 31, "column": 10 },
            "end": { "line": 31, "column": 11 }
          },
          {
            "start": { "line": 31, "column": 15 },
            "end": { "line": 31, "column": 21 }
          }
        ],
        "line": 31
      }
    },
    "s": {
      "0": 1,
      "1": 1,
      "2": 1,
      "3": 1,
      "4": 0,
      "5": 0,
      "6": 0,
      "7": 0,
      "8": 0,
      "9": 0,
      "10": 0,
      "11": 0,
      "12": 0,
      "13": 0,
      "14": 0,
      "15": 0,
      "16": 0,
      "17": 0,
      "18": 0,
      "19": 0,
      "20": 1
    },
    "f": { "0": 0, "1": 0, "2": 0, "3": 0 },
    "b": { "0": [0], "1": [0, 0], "2": [0, 0], "3": [0, 0] },
    "_coverageSchema": "43e27e138ebf9cfc5966b082cf9a028302ed4184",
    "hash": "62c2b1655ab84b436188419d5ce7086924bc8d75"
  },
  "C:\\all\\projects\\ts-deps\\src\\scripts\\index.js": {
    "path": "C:\\all\\projects\\ts-deps\\src\\scripts\\index.js",
    "statementMap": {
      "0": {
        "start": { "line": 2, "column": 23 },
        "end": { "line": 2, "column": 41 }
      },
      "1": {
        "start": { "line": 3, "column": 18 },
        "end": { "line": 3, "column": 36 }
      },
      "2": {
        "start": { "line": 4, "column": 18 },
        "end": { "line": 4, "column": 36 }
      },
      "3": {
        "start": { "line": 5, "column": 17 },
        "end": { "line": 5, "column": 34 }
      },
      "4": {
        "start": { "line": 7, "column": 0 },
        "end": { "line": 12, "column": 1 }
      }
    },
    "fnMap": {},
    "branchMap": {},
    "s": { "0": 0, "1": 0, "2": 0, "3": 0, "4": 0 },
    "f": {},
    "b": {}
  },
  "C:\\all\\projects\\ts-deps\\src\\scripts\\init.js": {
    "path": "C:\\all\\projects\\ts-deps\\src\\scripts\\init.js",
    "statementMap": {
      "0": {
        "start": { "line": 2, "column": 22 },
        "end": { "line": 2, "column": 46 }
      },
      "1": {
        "start": { "line": 3, "column": 47 },
        "end": { "line": 3, "column": 66 }
      },
      "2": {
        "start": { "line": 4, "column": 26 },
        "end": { "line": 4, "column": 41 }
      },
      "3": {
        "start": { "line": 5, "column": 18 },
        "end": { "line": 5, "column": 36 }
      },
      "4": {
        "start": { "line": 6, "column": 52 },
        "end": { "line": 6, "column": 73 }
      },
      "5": {
        "start": { "line": 7, "column": 14 },
        "end": { "line": 7, "column": 30 }
      },
      "6": {
        "start": { "line": 9, "column": 17 },
        "end": { "line": 9, "column": 31 }
      },
      "7": {
        "start": { "line": 11, "column": 26 },
        "end": { "line": 34, "column": 1 }
      },
      "8": {
        "start": { "line": 12, "column": 26 },
        "end": { "line": 12, "column": 43 }
      },
      "9": {
        "start": { "line": 14, "column": 17 },
        "end": { "line": 14, "column": 50 }
      },
      "10": {
        "start": { "line": 15, "column": 2 },
        "end": { "line": 17, "column": 3 }
      },
      "11": {
        "start": { "line": 16, "column": 4 },
        "end": { "line": 16, "column": 16 }
      },
      "12": {
        "start": { "line": 19, "column": 28 },
        "end": { "line": 23, "column": 4 }
      },
      "13": {
        "start": { "line": 25, "column": 2 },
        "end": { "line": 27, "column": 3 }
      },
      "14": {
        "start": { "line": 26, "column": 4 },
        "end": { "line": 26, "column": 42 }
      },
      "15": {
        "start": { "line": 29, "column": 2 },
        "end": { "line": 31, "column": 3 }
      },
      "16": {
        "start": { "line": 30, "column": 4 },
        "end": { "line": 30, "column": 19 }
      },
      "17": {
        "start": { "line": 33, "column": 2 },
        "end": { "line": 33, "column": 13 }
      },
      "18": {
        "start": { "line": 39, "column": 26 },
        "end": { "line": 71, "column": 1 }
      },
      "19": {
        "start": { "line": 44, "column": 20 },
        "end": { "line": 44, "column": 49 }
      },
      "20": {
        "start": { "line": 46, "column": 2 },
        "end": { "line": 70, "column": 4 }
      },
      "21": {
        "start": { "line": 48, "column": 24 },
        "end": { "line": 48, "column": 75 }
      },
      "22": {
        "start": { "line": 48, "column": 53 },
        "end": { "line": 48, "column": 74 }
      },
      "23": {
        "start": { "line": 49, "column": 6 },
        "end": { "line": 51, "column": 7 }
      },
      "24": {
        "start": { "line": 50, "column": 8 },
        "end": { "line": 50, "column": 19 }
      },
      "25": {
        "start": { "line": 53, "column": 6 },
        "end": { "line": 55, "column": 7 }
      },
      "26": {
        "start": { "line": 54, "column": 8 },
        "end": { "line": 54, "column": 42 }
      },
      "27": {
        "start": { "line": 57, "column": 6 },
        "end": { "line": 63, "column": 7 }
      },
      "28": {
        "start": { "line": 62, "column": 8 },
        "end": { "line": 62, "column": 36 }
      },
      "29": {
        "start": { "line": 65, "column": 6 },
        "end": { "line": 67, "column": 7 }
      },
      "30": {
        "start": { "line": 66, "column": 8 },
        "end": { "line": 66, "column": 65 }
      },
      "31": {
        "start": { "line": 76, "column": 13 },
        "end": { "line": 106, "column": 1 }
      },
      "32": {
        "start": { "line": 77, "column": 2 },
        "end": { "line": 105, "column": 3 }
      },
      "33": {
        "start": { "line": 78, "column": 23 },
        "end": { "line": 78, "column": 35 }
      },
      "34": {
        "start": { "line": 79, "column": 25 },
        "end": { "line": 79, "column": 46 }
      },
      "35": {
        "start": { "line": 81, "column": 23 },
        "end": { "line": 81, "column": 48 }
      },
      "36": {
        "start": { "line": 83, "column": 26 },
        "end": { "line": 88, "column": 8 }
      },
      "37": {
        "start": { "line": 84, "column": 6 },
        "end": { "line": 88, "column": 8 }
      },
      "38": {
        "start": { "line": 90, "column": 21 },
        "end": { "line": 97, "column": 8 }
      },
      "39": {
        "start": { "line": 91, "column": 6 },
        "end": { "line": 97, "column": 8 }
      },
      "40": {
        "start": { "line": 99, "column": 4 },
        "end": { "line": 99, "column": 25 }
      },
      "41": {
        "start": { "line": 101, "column": 4 },
        "end": { "line": 101, "column": 20 }
      },
      "42": {
        "start": { "line": 103, "column": 4 },
        "end": { "line": 103, "column": 57 }
      },
      "43": {
        "start": { "line": 104, "column": 4 },
        "end": { "line": 104, "column": 20 }
      },
      "44": {
        "start": { "line": 112, "column": 2 },
        "end": { "line": 116, "column": 4 }
      },
      "45": {
        "start": { "line": 119, "column": 22 },
        "end": { "line": 135, "column": 1 }
      },
      "46": {
        "start": { "line": 125, "column": 4 },
        "end": { "line": 128, "column": 30 }
      },
      "47": {
        "start": { "line": 138, "column": 15 },
        "end": { "line": 138, "column": 51 }
      },
      "48": {
        "start": { "line": 139, "column": 2 },
        "end": { "line": 139, "column": 25 }
      },
      "49": {
        "start": { "line": 142, "column": 0 },
        "end": { "line": 146, "column": 1 }
      }
    },
    "fnMap": {
      "0": {
        "name": "(anonymous_0)",
        "decl": {
          "start": { "line": 11, "column": 26 },
          "end": { "line": 11, "column": 27 }
        },
        "loc": {
          "start": { "line": 11, "column": 38 },
          "end": { "line": 34, "column": 1 }
        },
        "line": 11
      },
      "1": {
        "name": "(anonymous_1)",
        "decl": {
          "start": { "line": 39, "column": 26 },
          "end": { "line": 39, "column": 27 }
        },
        "loc": {
          "start": { "line": 43, "column": 6 },
          "end": { "line": 71, "column": 1 }
        },
        "line": 43
      },
      "2": {
        "name": "(anonymous_2)",
        "decl": {
          "start": { "line": 47, "column": 12 },
          "end": { "line": 47, "column": 13 }
        },
        "loc": {
          "start": { "line": 47, "column": 34 },
          "end": { "line": 68, "column": 5 }
        },
        "line": 47
      },
      "3": {
        "name": "(anonymous_3)",
        "decl": {
          "start": { "line": 48, "column": 47 },
          "end": { "line": 48, "column": 48 }
        },
        "loc": {
          "start": { "line": 48, "column": 53 },
          "end": { "line": 48, "column": 74 }
        },
        "line": 48
      },
      "4": {
        "name": "(anonymous_4)",
        "decl": {
          "start": { "line": 65, "column": 35 },
          "end": { "line": 65, "column": 36 }
        },
        "loc": {
          "start": { "line": 66, "column": 8 },
          "end": { "line": 66, "column": 65 }
        },
        "line": 66
      },
      "5": {
        "name": "(anonymous_5)",
        "decl": {
          "start": { "line": 76, "column": 13 },
          "end": { "line": 76, "column": 14 }
        },
        "loc": {
          "start": { "line": 76, "column": 78 },
          "end": { "line": 106, "column": 1 }
        },
        "line": 76
      },
      "6": {
        "name": "(anonymous_6)",
        "decl": {
          "start": { "line": 83, "column": 26 },
          "end": { "line": 83, "column": 27 }
        },
        "loc": {
          "start": { "line": 84, "column": 6 },
          "end": { "line": 88, "column": 8 }
        },
        "line": 84
      },
      "7": {
        "name": "(anonymous_7)",
        "decl": {
          "start": { "line": 90, "column": 21 },
          "end": { "line": 90, "column": 22 }
        },
        "loc": {
          "start": { "line": 91, "column": 6 },
          "end": { "line": 97, "column": 8 }
        },
        "line": 91
      },
      "8": {
        "name": "initHandler",
        "decl": {
          "start": { "line": 111, "column": 15 },
          "end": { "line": 111, "column": 26 }
        },
        "loc": {
          "start": { "line": 111, "column": 33 },
          "end": { "line": 117, "column": 1 }
        },
        "line": 111
      },
      "9": {
        "name": "(anonymous_9)",
        "decl": {
          "start": { "line": 124, "column": 11 },
          "end": { "line": 124, "column": 12 }
        },
        "loc": {
          "start": { "line": 125, "column": 4 },
          "end": { "line": 128, "column": 30 }
        },
        "line": 125
      },
      "10": {
        "name": "initCli",
        "decl": {
          "start": { "line": 137, "column": 15 },
          "end": { "line": 137, "column": 22 }
        },
        "loc": {
          "start": { "line": 137, "column": 25 },
          "end": { "line": 140, "column": 1 }
        },
        "line": 137
      }
    },
    "branchMap": {
      "0": {
        "loc": {
          "start": { "line": 15, "column": 2 },
          "end": { "line": 17, "column": 3 }
        },
        "type": "if",
        "locations": [
          {
            "start": { "line": 15, "column": 2 },
            "end": { "line": 17, "column": 3 }
          },
          {
            "start": { "line": 15, "column": 2 },
            "end": { "line": 17, "column": 3 }
          }
        ],
        "line": 15
      },
      "1": {
        "loc": {
          "start": { "line": 25, "column": 2 },
          "end": { "line": 27, "column": 3 }
        },
        "type": "if",
        "locations": [
          {
            "start": { "line": 25, "column": 2 },
            "end": { "line": 27, "column": 3 }
          },
          {
            "start": { "line": 25, "column": 2 },
            "end": { "line": 27, "column": 3 }
          }
        ],
        "line": 25
      },
      "2": {
        "loc": {
          "start": { "line": 29, "column": 2 },
          "end": { "line": 31, "column": 3 }
        },
        "type": "if",
        "locations": [
          {
            "start": { "line": 29, "column": 2 },
            "end": { "line": 31, "column": 3 }
          },
          {
            "start": { "line": 29, "column": 2 },
            "end": { "line": 31, "column": 3 }
          }
        ],
        "line": 29
      },
      "3": {
        "loc": {
          "start": { "line": 49, "column": 6 },
          "end": { "line": 51, "column": 7 }
        },
        "type": "if",
        "locations": [
          {
            "start": { "line": 49, "column": 6 },
            "end": { "line": 51, "column": 7 }
          },
          {
            "start": { "line": 49, "column": 6 },
            "end": { "line": 51, "column": 7 }
          }
        ],
        "line": 49
      },
      "4": {
        "loc": {
          "start": { "line": 49, "column": 10 },
          "end": { "line": 49, "column": 46 }
        },
        "type": "binary-expr",
        "locations": [
          {
            "start": { "line": 49, "column": 10 },
            "end": { "line": 49, "column": 19 }
          },
          {
            "start": { "line": 49, "column": 23 },
            "end": { "line": 49, "column": 46 }
          }
        ],
        "line": 49
      },
      "5": {
        "loc": {
          "start": { "line": 53, "column": 6 },
          "end": { "line": 55, "column": 7 }
        },
        "type": "if",
        "locations": [
          {
            "start": { "line": 53, "column": 6 },
            "end": { "line": 55, "column": 7 }
          },
          {
            "start": { "line": 53, "column": 6 },
            "end": { "line": 55, "column": 7 }
          }
        ],
        "line": 53
      },
      "6": {
        "loc": {
          "start": { "line": 57, "column": 6 },
          "end": { "line": 63, "column": 7 }
        },
        "type": "if",
        "locations": [
          {
            "start": { "line": 57, "column": 6 },
            "end": { "line": 63, "column": 7 }
          },
          {
            "start": { "line": 57, "column": 6 },
            "end": { "line": 63, "column": 7 }
          }
        ],
[...]
            "end": { "line": 80, "column": 27 }
          }
        ],
        "line": 80
      },
      "9": {
        "loc": {
          "start": { "line": 81, "column": 4 },
          "end": { "line": 81, "column": 52 }
        },
        "type": "default-arg",
        "locations": [
          {
            "start": { "line": 81, "column": 27 },
            "end": { "line": 81, "column": 52 }
          }
        ],
        "line": 81
      },
      "10": {
        "loc": {
          "start": { "line": 82, "column": 4 },
          "end": { "line": 82, "column": 36 }
        },
        "type": "default-arg",
        "locations": [
          {
            "start": { "line": 82, "column": 16 },
            "end": { "line": 82, "column": 36 }
          }
        ],
        "line": 82
      },
      "11": {
        "loc": {
          "start": { "line": 82, "column": 16 },
          "end": { "line": 82, "column": 36 }
        },
        "type": "binary-expr",
        "locations": [
          {
            "start": { "line": 82, "column": 16 },
            "end": { "line": 82, "column": 30 }
          },
          {
            "start": { "line": 82, "column": 34 },
            "end": { "line": 82, "column": 36 }
          }
        ],
        "line": 82
      },
      "12": {
        "loc": {
          "start": { "line": 83, "column": 4 },
          "end": { "line": 83, "column": 22 }
        },
        "type": "default-arg",
        "locations": [
          {
            "start": { "line": 83, "column": 17 },
            "end": { "line": 83, "column": 22 }
          }
        ],
        "line": 83
      },
      "13": {
        "loc": {
          "start": { "line": 84, "column": 4 },
          "end": { "line": 84, "column": 23 }
        },
        "type": "default-arg",
        "locations": [
          {
            "start": { "line": 84, "column": 10 },
            "end": { "line": 84, "column": 23 }
          }
        ],
        "line": 84
      },
      "14": {
        "loc": {
          "start": { "line": 112, "column": 4 },
          "end": { "line": 116, "column": 5 }
        },
        "type": "if",
        "locations": [
          {
            "start": { "line": 112, "column": 4 },
            "end": { "line": 116, "column": 5 }
          },
          {
            "start": { "line": 112, "column": 4 },
            "end": { "line": 116, "column": 5 }
          }
        ],
        "line": 112
      },
      "15": {
        "loc": {
          "start": { "line": 112, "column": 8 },
          "end": { "line": 112, "column": 56 }
        },
        "type": "binary-expr",
        "locations": [
          {
            "start": { "line": 112, "column": 8 },
            "end": { "line": 112, "column": 32 }
          },
          {
            "start": { "line": 112, "column": 36 },
            "end": { "line": 112, "column": 56 }
          }
        ],
        "line": 112
      },
      "16": {
        "loc": {
          "start": { "line": 113, "column": 6 },
          "end": { "line": 115, "column": 7 }
        },
        "type": "if",
        "locations": [
          {
            "start": { "line": 113, "column": 6 },
            "end": { "line": 115, "column": 7 }
          },
          {
            "start": { "line": 113, "column": 6 },
            "end": { "line": 115, "column": 7 }
          }
        ],
        "line": 113
      },
      "17": {
        "loc": {
          "start": { "line": 128, "column": 10 },
          "end": { "line": 128, "column": 47 }
        },
        "type": "binary-expr",
        "locations": [
          {
            "start": { "line": 128, "column": 10 },
            "end": { "line": 128, "column": 25 }
          },
          {
            "start": { "line": 128, "column": 29 },
            "end": { "line": 128, "column": 47 }
          }
        ],
        "line": 128
      },
      "18": {
        "loc": {
          "start": { "line": 132, "column": 6 },
          "end": { "line": 134, "column": 7 }
        },
        "type": "if",
        "locations": [
          {
            "start": { "line": 132, "column": 6 },
            "end": { "line": 134, "column": 7 }
          },
          {
            "start": { "line": 132, "column": 6 },
            "end": { "line": 134, "column": 7 }
          }
        ],
        "line": 132
      },
      "19": {
        "loc": {
          "start": { "line": 136, "column": 6 },
          "end": { "line": 142, "column": 7 }
        },
        "type": "if",
        "locations": [
          {
            "start": { "line": 136, "column": 6 },
            "end": { "line": 142, "column": 7 }
          },
          {
            "start": { "line": 136, "column": 6 },
            "end": { "line": 142, "column": 7 }
          }
        ],
        "line": 136
      },
      "20": {
        "loc": {
          "start": { "line": 137, "column": 15 },
          "end": { "line": 139, "column": 16 }
        },
        "type": "cond-expr",
        "locations": [
          {
            "start": { "line": 138, "column": 12 },
            "end": { "line": 138, "column": 51 }
          },
          {
            "start": { "line": 139, "column": 12 },
            "end": { "line": 139, "column": 16 }
          }
        ],
        "line": 137
      },
      "21": {
        "loc": {
          "start": { "line": 145, "column": 4 },
          "end": { "line": 160, "column": 5 }
        },
        "type": "if",
        "locations": [
          {
            "start": { "line": 145, "column": 4 },
            "end": { "line": 160, "column": 5 }
          },
          {
            "start": { "line": 145, "column": 4 },
            "end": { "line": 160, "column": 5 }
          }
        ],
        "line": 145
      },
      "22": {
        "loc": {
          "start": { "line": 148, "column": 6 },
          "end": { "line": 151, "column": 7 }
        },
        "type": "if",
        "locations": [
          {
            "start": { "line": 148, "column": 6 },
            "end": { "line": 151, "column": 7 }
          },
          {
            "start": { "line": 148, "column": 6 },
            "end": { "line": 151, "column": 7 }
          }
        ],
        "line": 148
      },
      "23": {
        "loc": {
          "start": { "line": 169, "column": 8 },
          "end": { "line": 171, "column": 5 }
        },
        "type": "binary-expr",
        "locations": [
          {
            "start": { "line": 169, "column": 8 },
            "end": { "line": 169, "column": 45 }
          },
          {
            "start": { "line": 169, "column": 49 },
            "end": { "line": 171, "column": 5 }
          }
        ],
        "line": 169
      },
      "24": {
        "loc": {
          "start": { "line": 172, "column": 8 },
          "end": { "line": 174, "column": 5 }
        },
        "type": "binary-expr",
        "locations": [
          {
            "start": { "line": 172, "column": 8 },
            "end": { "line": 172, "column": 37 }
          },
          {
            "start": { "line": 172, "column": 41 },
            "end": { "line": 174, "column": 5 }
          }
        ],
        "line": 172
      },
      "25": {
        "loc": {
          "start": { "line": 175, "column": 8 },
          "end": { "line": 178, "column": 7 }
        },
        "type": "binary-expr",
        "locations": [
          {
            "start": { "line": 175, "column": 8 },
            "end": { "line": 175, "column": 37 }
          },
          {
            "start": { "line": 176, "column": 6 },
            "end": { "line": 176, "column": 30 }
          },
          {
            "start": { "line": 176, "column": 34 },
            "end": { "line": 178, "column": 7 }
          }
        ],
        "line": 175
      }
    },
    "s": {
      "0": 1,
      "1": 1,
      "2": 1,
      "3": 1,
      "4": 1,
      "5": 1,
      "6": 1,
      "7": 1,
      "8": 1,
      "9": 1,
      "10": 1,
      "11": 0,
      "12": 0,
      "13": 0,
      "14": 0,
      "15": 0,
      "16": 0,
      "17": 0,
      "18": 1,
      "19": 0,
      "20": 0,
      "21": 1,
      "22": 0,
      "23": 0,
      "24": 0,
      "25": 0,
      "26": 0,
      "27": 1,
      "28": 0,
      "29": 0,
      "30": 0,
      "31": 0,
      "32": 0,
      "33": 0,
      "34": 0,
      "35": 0,
      "36": 0,
      "37": 0,
      "38": 0,
      "39": 0,
      "40": 0,
      "41": 0,
      "42": 0,
      "43": 0,
      "44": 0,
      "45": 0,
      "46": 0,
      "47": 0,
      "48": 0,
      "49": 0,
      "50": 0,
      "51": 0,
      "52": 0,
      "53": 0,
      "54": 0,
      "55": 0,
      "56": 0,
      "57": 0,
      "58": 1,
      "59": 0,
      "60": 0,
      "61": 0,
      "62": 1
    },
    "f": {
      "0": 0,
      "1": 0,
      "2": 0,
      "3": 0,
      "4": 0,
      "5": 0,
      "6": 0,
      "7": 0,
      "8": 0,
      "9": 0,
      "10": 0,
      "11": 0,
      "12": 0
    },
    "b": {
      "0": [0, 0, 0],
      "1": [0, 0],
      "2": [0, 0],
      "3": [0, 0, 0],
      "4": [0, 0],
      "5": [0],
      "6": [0],
      "7": [0],
      "8": [0],
      "9": [0],
      "10": [0],
      "11": [0, 0],
      "12": [0],
      "13": [0],
      "14": [0, 0],
      "15": [0, 0],
      "16": [0, 0],
      "17": [0, 0],
      "18": [0, 0],
      "19": [0, 0],
      "20": [0, 0],
      "21": [0, 0],
      "22": [0, 0],
      "23": [0, 0],
      "24": [0, 0],
      "25": [0, 0, 0]
    },
    "_coverageSchema": "43e27e138ebf9cfc5966b082cf9a028302ed4184",
    "hash": "8f9b73393d45b6003793bd46e4b804be6121f2ed"
  },
  "C:\\all\\projects\\ts-deps\\src\\scripts\\patchPackage.js": {
    "path": "C:\\all\\projects\\ts-deps\\src\\scripts\\patchPackage.js",
    "statementMap": {
      "0": {
        "start": { "line": 2, "column": 18 },
        "end": { "line": 2, "column": 38 }
      },
      "1": {
        "start": { "line": 10, "column": 29 },
        "end": { "line": 61, "column": 1 }
      },
      "2": {
        "start": { "line": 11, "column": 18 },
        "end": { "line": 11, "column": 40 }
      },
      "3": {
        "start": { "line": 12, "column": 2 },
        "end": { "line": 23, "column": 3 }
      },
      "4": {
        "start": { "line": 20, "column": 4 },
        "end": { "line": 22, "column": 5 }
      },
      "5": {
        "start": { "line": 25, "column": 17 },
        "end": { "line": 31, "column": 8 }
      },
      "6": {
        "start": { "line": 27, "column": 41 },
        "end": { "line": 27, "column": 47 }
      },
      "7": {
        "start": { "line": 30, "column": 41 },
        "end": { "line": 30, "column": 47 }
      },
      "8": {
        "start": { "line": 33, "column": 2 },
        "end": { "line": 41, "column": 3 }
      },
      "9": {
        "start": { "line": 34, "column": 4 },
        "end": { "line": 40, "column": 5 }
      },
      "10": {
        "start": { "line": 35, "column": 6 },
        "end": { "line": 37, "column": 7 }
      },
      "11": {
        "start": { "line": 36, "column": 8 },
        "end": { "line": 36, "column": 16 }
      },
      "12": {
        "start": { "line": 39, "column": 6 },
        "end": { "line": 39, "column": 66 }
      },
      "13": {
        "start": { "line": 43, "column": 2 },
        "end": { "line": 51, "column": 3 }
      },
      "14": {
        "start": { "line": 44, "column": 4 },
        "end": { "line": 50, "column": 5 }
      },
      "15": {
        "start": { "line": 45, "column": 6 },
        "end": { "line": 47, "column": 7 }
      },
      "16": {
        "start": { "line": 46, "column": 8 },
        "end": { "line": 46, "column": 16 }
      },
      "17": {
        "start": { "line": 49, "column": 6 },
        "end": { "line": 49, "column": 43 }
      },
      "18": {
        "start": { "line": 53, "column": 2 },
        "end": { "line": 58, "column": 3 }
      },
      "19": {
        "start": { "line": 54, "column": 4 },
        "end": { "line": 56, "column": 5 }
      },
      "20": {
        "start": { "line": 55, "column": 6 },
        "end": { "line": 55, "column": 33 }
      },
      "21": {
        "start": { "line": 57, "column": 4 },
        "end": { "line": 57, "column": 62 }
      },
      "22": {
        "start": { "line": 60, "column": 2 },
        "end": { "line": 60, "column": 15 }
      },
      "23": {
        "start": { "line": 63, "column": 0 },
        "end": { "line": 65, "column": 1 }
      }
    },
    "fnMap": {
      "0": {
        "name": "(anonymous_0)",
        "decl": {
          "start": { "line": 10, "column": 29 },
          "end": { "line": 10, "column": 30 }
        },
        "loc": {
          "start": { "line": 10, "column": 77 },
          "end": { "line": 61, "column": 1 }
        },
        "line": 10
      },
      "1": {
        "name": "(anonymous_1)",
        "decl": {
          "start": { "line": 27, "column": 20 },
          "end": { "line": 27, "column": 21 }
        },
        "loc": {
          "start": { "line": 27, "column": 41 },
          "end": { "line": 27, "column": 47 }
        },
        "line": 27
      },
      "2": {
        "name": "(anonymous_2)",
        "decl": {
          "start": { "line": 30, "column": 20 },
          "end": { "line": 30, "column": 21 }
        },
        "loc": {
          "start": { "line": 30, "column": 41 },
          "end": { "line": 30, "column": 47 }
        },
        "line": 30
      }
    },
    "branchMap": {
      "0": {
        "loc": {
          "start": { "line": 12, "column": 2 },
          "end": { "line": 23, "column": 3 }
        },
        "type": "if",
        "locations": [
          {
            "start": { "line": 12, "column": 2 },
            "end": { "line": 23, "column": 3 }
          },
          {
            "start": { "line": 12, "column": 2 },
            "end": { "line": 23, "column": 3 }
          }
        ],
        "line": 12
      },
      "1": {
        "loc": {
          "start": { "line": 13, "column": 4 },
          "end": { "line": 18, "column": 36 }
        },
        "type": "binary-expr",
        "locations": [
          {
            "start": { "line": 13, "column": 4 },
            "end": { "line": 13, "column": 33 }
          },
          {
            "start": { "line": 14, "column": 4 },
            "end": { "line": 14, "column": 24 }
          },
          {
            "start": { "line": 15, "column": 4 },
            "end": { "line": 15, "column": 29 }
          },
          {
            "start": { "line": 16, "column": 4 },
            "end": { "line": 16, "column": 32 }
          },
          {
            "start": { "line": 17, "column": 4 },
            "end": { "line": 17, "column": 19 }
          },
          {
            "start": { "line": 18, "column": 4 },
            "end": { "line": 18, "column": 36 }
          }
        ],
        "line": 13
      },
      "2": {
        "loc": {
          "start": { "line": 25, "column": 17 },
          "end": { "line": 31, "column": 8 }
        },
        "type": "cond-expr",
        "locations": [
          {
            "start": { "line": 26, "column": 6 },
            "end": { "line": 28, "column": 8 }
          },
          {
            "start": { "line": 29, "column": 6 },
            "end": { "line": 31, "column": 8 }
          }
        ],
        "line": 25
      },
      "3": {
        "loc": {
          "start": { "line": 33, "column": 2 },
          "end": { "line": 41, "column": 3 }
        },
        "type": "if",
        "locations": [
          {
            "start": { "line": 33, "column": 2 },
            "end": { "line": 41, "column": 3 }
          },
          {
            "start": { "line": 33, "column": 2 },
            "end": { "line": 41, "column": 3 }
          }
        ],
        "line": 33
      },
      "4": {
        "loc": {
          "start": { "line": 33, "column": 6 },
          "end": { "line": 33, "column": 73 }
        },
        "type": "binary-expr",
        "locations": [
          {
            "start": { "line": 33, "column": 6 },
            "end": { "line": 33, "column": 25 }
          },
          {
            "start": { "line": 33, "column": 29 },
            "end": { "line": 33, "column": 47 }
          },
          {
            "start": { "line": 33, "column": 51 },
            "end": { "line": 33, "column": 73 }
          }
        ],
        "line": 33
      },
      "5": {
        "loc": {
          "start": { "line": 35, "column": 6 },
          "end": { "line": 37, "column": 7 }
        },
        "type": "if",
        "locations": [
          {
            "start": { "line": 35, "column": 6 },
            "end": { "line": 37, "column": 7 }
          },
          {
            "start": { "line": 35, "column": 6 },
            "end": { "line": 37, "column": 7 }
          }
        ],
        "line": 35
      },
      "6": {
        "loc": {
          "start": { "line": 43, "column": 2 },
          "end": { "line": 51, "column": 3 }
        },
        "type": "if",
        "locations": [
          {
            "start": { "line": 43, "column": 2 },
            "end": { "line": 51, "column": 3 }
          },
          {
            "start": { "line": 43, "column": 2 },
            "end": { "line": 51, "column": 3 }
          }
        ],
        "line": 43
      },
      "7": {
        "loc": {
          "start": { "line": 43, "column": 6 },
          "end": { "line": 43, "column": 54 }
        },
        "type": "binary-expr",
        "locations": [
          {
            "start": { "line": 43, "column": 6 },
            "end": { "line": 43, "column": 28 }
          },
          {
            "start": { "line": 43, "column": 32 },
            "end": { "line": 43, "column": 54 }
          }
        ],
        "line": 43
      },
      "8": {
        "loc": {
          "start": { "line": 45, "column": 6 },
          "end": { "line": 47, "column": 7 }
        },
        "type": "if",
        "locations": [
          {
            "start": { "line": 45, "column": 6 },
            "end": { "line": 47, "column": 7 }
          },
          {
            "start": { "line": 45, "column": 6 },
            "end": { "line": 47, "column": 7 }
          }
        ],
        "line": 45
      },
      "9": {
        "loc": {
          "start": { "line": 53, "column": 2 },
          "end": { "line": 58, "column": 3 }
        },
        "type": "if",
        "locations": [
          {
            "start": { "line": 53, "column": 2 },
            "end": { "line": 58, "column": 3 }
          },
          {
            "start": { "line": 53, "column": 2 },
            "end": { "line": 58, "column": 3 }
          }
        ],
        "line": 53
      },
      "10": {
        "loc": {
          "start": { "line": 54, "column": 4 },
          "end": { "line": 56, "column": 5 }
        },
        "type": "if",
        "locations": [
          {
            "start": { "line": 54, "column": 4 },
            "end": { "line": 56, "column": 5 }
          },
          {
            "start": { "line": 54, "column": 4 },
            "end": { "line": 56, "column": 5 }
          }
        ],
        "line": 54
      }
    },
    "s": {
      "0": 2,
      "1": 2,
      "2": 7,
      "3": 7,
      "4": 2,
      "5": 5,
      "6": 0,
      "7": 0,
      "8": 5,
      "9": 2,
      "10": 3,
      "11": 1,
      "12": 2,
      "13": 5,
      "14": 4,
      "15": 16,
      "16": 0,
      "17": 16,
      "18": 5,
      "19": 5,
      "20": 1,
      "21": 5,
      "22": 5,
      "23": 2
    },
    "f": { "0": 7, "1": 0, "2": 0 },
    "b": {
      "0": [2, 5],
      "1": [7, 7, 5, 5, 5, 5],
      "2": [2, 3],
      "3": [2, 3],
      "4": [5, 4, 2],
      "5": [1, 2],
      "6": [4, 1],
      "7": [5, 4],
      "8": [0, 16],
      "9": [5, 0],
      "10": [1, 4]
    },
    "_coverageSchema": "43e27e138ebf9cfc5966b082cf9a028302ed4184",
    "hash": "cb7df5c2db135e574f01715edf549c1fbb929eee"
  }
}
